<?xml version="1.0" encoding="UTF-8"?>
<!-- Generated by org.testng.reporters.JUnitReportReporter -->
<testsuite hostname="Toxic" failures="0" tests="1" name="com.qa.satyam.herokuappAlert1" time="20.200" errors="0" timestamp="2025-04-13T04:38:05 IST" skipped="0">
  <testcase classname="com.qa.satyam.herokuappAlert1" name="javascriptAlertTest" time="20.200"/>
  <system-out/>
</testsuite> <!-- com.qa.satyam.herokuappAlert1 -->
