<?xml version="1.0" encoding="UTF-8"?>
<!-- Generated by org.testng.reporters.JUnitReportReporter -->
<testsuite hostname="Toxic" failures="0" tests="1" name="com.qa.satyam.herokuappLogin" time="28.073" errors="0" timestamp="2025-04-13T04:38:05 IST" skipped="0">
  <testcase classname="com.qa.satyam.herokuappLogin" name="loginTest" time="28.073"/>
  <system-out/>
</testsuite> <!-- com.qa.satyam.herokuappLogin -->
